<?xml version="1.0" encoding="UTF-8"?>
<!-- Generated by org.testng.reporters.JUnitXMLReporter -->
<testsuite ignored="0" hostname="LAPTOP-95TN1K3N" failures="0" tests="4" name="Test" time="0.053" errors="0" timestamp="2021-08-17T15:32:05 IST">
  <testcase classname="june.Sa" name="logooout" time="0.008"/>
  <testcase classname="may.Regression_Auto" name="sendtest" time="0.002"/>
  <testcase classname="may.Regression_Auto" name="regtest" time="0.001"/>
  <testcase classname="may.Regression_Auto" name="login" time="0.001"/>
</testsuite> <!-- Test -->
